c:\users\monster\source\repos\veriyaplab\152120211132_yunus_emre_gozen\main\main\x64\debug\vc145.pdb
c:\users\monster\source\repos\veriyaplab\152120211132_yunus_emre_gozen\main\main\x64\debug\vc145.idb
c:\users\monster\source\repos\veriyaplab\152120211132_yunus_emre_gozen\main\main\x64\debug\main.obj
c:\users\monster\source\repos\veriyaplab\152120211132_yunus_emre_gozen\main\main\x64\debug\question1b.obj
c:\users\monster\source\repos\veriyaplab\152120211132_yunus_emre_gozen\main\main\x64\debug\main.ilk
c:\users\monster\source\repos\veriyaplab\152120211132_yunus_emre_gozen\main\x64\debug\main.pdb
c:\users\monster\source\repos\veriyaplab\152120211132_yunus_emre_gozen\main\main\x64\debug\main.tlog\cl.command.1.tlog
c:\users\monster\source\repos\veriyaplab\152120211132_yunus_emre_gozen\main\main\x64\debug\main.tlog\cl.items.tlog
c:\users\monster\source\repos\veriyaplab\152120211132_yunus_emre_gozen\main\main\x64\debug\main.tlog\cl.read.1.tlog
c:\users\monster\source\repos\veriyaplab\152120211132_yunus_emre_gozen\main\main\x64\debug\main.tlog\cl.write.1.tlog
c:\users\monster\source\repos\veriyaplab\152120211132_yunus_emre_gozen\main\main\x64\debug\main.tlog\link-cvtres.read.1.tlog
c:\users\monster\source\repos\veriyaplab\152120211132_yunus_emre_gozen\main\main\x64\debug\main.tlog\link-cvtres.write.1.tlog
c:\users\monster\source\repos\veriyaplab\152120211132_yunus_emre_gozen\main\main\x64\debug\main.tlog\link-rc.read.1.tlog
c:\users\monster\source\repos\veriyaplab\152120211132_yunus_emre_gozen\main\main\x64\debug\main.tlog\link-rc.write.1.tlog
c:\users\monster\source\repos\veriyaplab\152120211132_yunus_emre_gozen\main\main\x64\debug\main.tlog\link.14376-cvtres.read.1.tlog
c:\users\monster\source\repos\veriyaplab\152120211132_yunus_emre_gozen\main\main\x64\debug\main.tlog\link.14376-cvtres.write.1.tlog
c:\users\monster\source\repos\veriyaplab\152120211132_yunus_emre_gozen\main\main\x64\debug\main.tlog\link.14376-rc.read.1.tlog
c:\users\monster\source\repos\veriyaplab\152120211132_yunus_emre_gozen\main\main\x64\debug\main.tlog\link.14376-rc.write.1.tlog
c:\users\monster\source\repos\veriyaplab\152120211132_yunus_emre_gozen\main\main\x64\debug\main.tlog\link.14376.read.1.tlog
c:\users\monster\source\repos\veriyaplab\152120211132_yunus_emre_gozen\main\main\x64\debug\main.tlog\link.14376.read.3.tlog
c:\users\monster\source\repos\veriyaplab\152120211132_yunus_emre_gozen\main\main\x64\debug\main.tlog\link.14376.write.1.tlog
c:\users\monster\source\repos\veriyaplab\152120211132_yunus_emre_gozen\main\main\x64\debug\main.tlog\link.command.1.tlog
c:\users\monster\source\repos\veriyaplab\152120211132_yunus_emre_gozen\main\main\x64\debug\main.tlog\link.read.1.tlog
c:\users\monster\source\repos\veriyaplab\152120211132_yunus_emre_gozen\main\main\x64\debug\main.tlog\link.read.2.tlog
c:\users\monster\source\repos\veriyaplab\152120211132_yunus_emre_gozen\main\main\x64\debug\main.tlog\link.read.3.tlog
c:\users\monster\source\repos\veriyaplab\152120211132_yunus_emre_gozen\main\main\x64\debug\main.tlog\link.secondary.1.tlog
c:\users\monster\source\repos\veriyaplab\152120211132_yunus_emre_gozen\main\main\x64\debug\main.tlog\link.write.1.tlog
